2018-07-14 08:49:09 DEBUG | sunxiwang
2018-07-14 08:49:09 DEBUG | INTO signal_thread_run
2018-07-14 08:49:09 DEBUG | get data:[]
2018-07-14 08:49:10 DEBUG | sunxiwang
2018-07-14 08:49:11 DEBUG | sunxiwang
2018-07-14 08:49:12 DEBUG | sunxiwang
2018-07-14 08:49:13 DEBUG | sunxiwang
2018-07-14 08:49:14 DEBUG | sunxiwang
2018-07-14 08:49:15 DEBUG | sunxiwang
2018-07-14 08:49:16 DEBUG | sunxiwang
2018-07-14 08:49:17 DEBUG | sunxiwang
2018-07-14 08:49:18 DEBUG | sunxiwang
2018-07-14 08:49:19 DEBUG | sunxiwang
2018-07-14 08:49:20 DEBUG | sunxiwang
2018-07-14 08:49:21 DEBUG | sunxiwang
2018-07-14 08:49:22 DEBUG | sunxiwang
2018-07-14 08:49:23 DEBUG | sunxiwang
2018-07-14 08:49:24 DEBUG | sunxiwang
2018-07-14 08:49:25 DEBUG | sunxiwang
2018-07-14 08:49:26 DEBUG | sunxiwang
2018-07-14 08:49:27 DEBUG | sunxiwang
2018-07-14 08:49:28 DEBUG | sunxiwang
2018-07-14 08:49:29 DEBUG | sunxiwang
2018-07-14 08:49:30 DEBUG | sunxiwang
2018-07-14 08:49:31 DEBUG | sunxiwang
2018-07-14 08:49:32 DEBUG | sunxiwang
2018-07-14 09:11:04 DEBUG | INTO signal_thread_run
2018-07-14 09:11:04 DEBUG | sunxiwang
2018-07-14 09:11:05 DEBUG | sunxiwang
2018-07-14 09:11:06 DEBUG | sunxiwang
2018-07-14 09:11:07 DEBUG | sunxiwang
2018-07-14 09:11:08 DEBUG | sunxiwang
2018-07-14 09:11:09 DEBUG | sunxiwang
2018-07-14 09:11:10 DEBUG | sunxiwang
2018-07-14 09:11:11 DEBUG | sunxiwang
2018-07-14 09:11:12 DEBUG | sunxiwang
2018-07-14 09:11:13 DEBUG | sunxiwang
2018-07-14 09:11:14 DEBUG | sunxiwang
2018-07-14 09:11:15 DEBUG | sunxiwang
2018-07-14 09:11:16 DEBUG | sunxiwang
2018-07-14 09:11:17 DEBUG | sunxiwang
2018-07-14 09:11:18 DEBUG | sunxiwang
2018-07-14 09:23:52 DEBUG | sunxiwang
2018-07-14 09:23:52 DEBUG | INTO signal_thread_run
2018-07-14 09:23:53 DEBUG | sunxiwang
2018-07-14 09:23:54 DEBUG | sunxiwang
2018-07-14 09:23:55 DEBUG | sunxiwang
2018-07-14 09:23:56 DEBUG | sunxiwang
2018-07-14 09:23:57 DEBUG | sunxiwang
2018-07-14 09:23:58 DEBUG | sunxiwang
2018-07-14 09:23:59 DEBUG | sunxiwang
2018-07-14 09:24:00 DEBUG | sunxiwang
2018-07-14 09:24:01 DEBUG | sunxiwang
2018-07-14 09:24:02 DEBUG | sunxiwang
2018-07-14 09:24:03 DEBUG | sunxiwang
2018-07-14 09:24:04 DEBUG | sunxiwang
2018-07-14 09:24:05 DEBUG | sunxiwang
2018-07-14 09:24:06 DEBUG | sunxiwang
2018-07-14 09:24:07 DEBUG | sunxiwang
2018-07-14 09:24:08 DEBUG | sunxiwang
2018-07-14 09:24:09 DEBUG | sunxiwang
2018-07-14 09:24:10 DEBUG | sunxiwang
2018-07-14 09:24:11 DEBUG | sunxiwang
2018-07-14 09:24:12 DEBUG | sunxiwang
2018-07-14 09:24:13 DEBUG | sunxiwang
2018-07-14 09:24:14 DEBUG | sunxiwang
2018-07-14 09:24:15 DEBUG | sunxiwang
2018-07-14 09:24:16 DEBUG | sunxiwang
2018-07-14 09:24:17 DEBUG | sunxiwang
2018-07-14 09:24:18 DEBUG | sunxiwang
2018-07-14 09:24:19 DEBUG | sunxiwang
2018-07-14 09:24:20 DEBUG | sunxiwang
2018-07-14 09:24:21 DEBUG | sunxiwang
2018-07-14 09:24:22 DEBUG | sunxiwang
2018-07-14 09:24:23 DEBUG | sunxiwang
2018-07-14 09:24:24 DEBUG | sunxiwang
2018-07-14 09:24:25 DEBUG | sunxiwang
2018-07-14 09:24:26 DEBUG | sunxiwang
2018-07-14 09:24:27 DEBUG | sunxiwang
2018-07-14 09:24:28 DEBUG | sunxiwang
2018-07-14 09:24:29 DEBUG | sunxiwang
2018-07-14 09:24:30 DEBUG | sunxiwang
2018-07-14 09:24:31 DEBUG | sunxiwang
2018-07-14 09:24:32 DEBUG | sunxiwang
2018-07-14 09:24:33 DEBUG | sunxiwang
2018-07-14 09:24:34 DEBUG | sunxiwang
2018-07-14 09:24:35 DEBUG | sunxiwang
2018-07-14 09:24:36 DEBUG | sunxiwang
2018-07-14 09:24:37 DEBUG | sunxiwang
2018-07-14 09:24:38 DEBUG | sunxiwang
2018-07-14 09:24:39 DEBUG | sunxiwang
2018-07-14 09:24:40 DEBUG | sunxiwang
2018-07-14 09:24:41 DEBUG | sunxiwang
2018-07-14 09:24:42 DEBUG | sunxiwang
2018-07-14 09:24:43 DEBUG | sunxiwang
2018-07-14 09:24:44 DEBUG | sunxiwang
2018-07-14 09:24:45 DEBUG | sunxiwang
2018-07-14 09:24:46 DEBUG | sunxiwang
2018-07-14 09:24:47 DEBUG | sunxiwang
2018-07-14 09:24:48 DEBUG | sunxiwang
2018-07-14 09:24:49 DEBUG | sunxiwang
2018-07-14 09:24:50 DEBUG | sunxiwang
2018-07-14 09:24:51 DEBUG | sunxiwang
2018-07-14 09:24:52 DEBUG | sunxiwang
2018-07-14 09:24:53 DEBUG | sunxiwang
2018-07-14 09:24:54 DEBUG | sunxiwang
2018-07-14 09:24:55 DEBUG | sunxiwang
2018-07-14 09:24:56 DEBUG | sunxiwang
2018-07-14 09:24:57 DEBUG | sunxiwang
2018-07-14 09:24:58 DEBUG | sunxiwang
2018-07-14 09:24:59 DEBUG | sunxiwang
2018-07-14 09:25:00 DEBUG | sunxiwang
2018-07-14 09:25:01 DEBUG | sunxiwang
2018-07-14 09:25:02 DEBUG | sunxiwang
2018-07-14 09:25:03 DEBUG | sunxiwang
2018-07-14 10:56:59 DEBUG | sunxiwang
2018-07-14 10:56:59 DEBUG | INTO signal_thread_run
2018-07-14 10:56:59 DEBUG | 创建新文件！
2018-07-14 10:57:00 DEBUG | 创建新文件！
2018-07-14 10:57:00 DEBUG | 创建新文件！
2018-07-14 10:57:00 DEBUG | 创建新文件！
2018-07-14 10:57:00 DEBUG | 创建新文件！
2018-07-14 10:57:00 DEBUG | 创建新文件！
2018-07-14 10:57:00 DEBUG | sunxiwang
2018-07-14 10:57:01 DEBUG | sunxiwang
2018-07-14 10:57:02 DEBUG | sunxiwang
2018-07-14 10:57:03 DEBUG | sunxiwang
2018-07-14 10:57:04 DEBUG | sunxiwang
2018-07-14 10:57:05 DEBUG | sunxiwang
2018-07-14 10:57:06 DEBUG | sunxiwang
2018-07-14 10:57:07 DEBUG | sunxiwang
2018-07-14 10:57:08 DEBUG | sunxiwang
2018-07-14 10:57:09 DEBUG | sunxiwang
2018-07-14 10:57:10 DEBUG | sunxiwang
2018-07-14 10:57:11 DEBUG | sunxiwang
2018-07-14 10:57:12 DEBUG | sunxiwang
2018-07-14 10:57:13 DEBUG | sunxiwang
2018-07-14 10:57:14 DEBUG | sunxiwang
2018-07-14 10:57:15 DEBUG | sunxiwang
2018-07-14 10:57:16 DEBUG | sunxiwang
2018-07-14 10:57:17 DEBUG | sunxiwang
2018-07-14 10:57:18 DEBUG | sunxiwang
2018-07-14 10:57:19 DEBUG | sunxiwang
2018-07-14 10:57:20 DEBUG | sunxiwang
2018-07-14 10:57:21 DEBUG | sunxiwang
2018-07-14 10:57:22 DEBUG | sunxiwang
2018-07-14 10:57:23 DEBUG | sunxiwang
2018-07-14 10:57:24 DEBUG | sunxiwang
2018-07-14 10:57:25 DEBUG | sunxiwang
2018-07-14 10:57:26 DEBUG | sunxiwang
2018-07-14 10:57:27 DEBUG | sunxiwang
2018-07-14 10:57:28 DEBUG | sunxiwang
2018-07-14 10:57:29 DEBUG | sunxiwang
2018-07-14 10:57:30 DEBUG | sunxiwang
2018-07-14 10:57:31 DEBUG | sunxiwang
2018-07-14 10:57:32 DEBUG | sunxiwang
2018-07-14 10:57:33 DEBUG | sunxiwang
2018-07-14 10:57:34 DEBUG | sunxiwang
2018-07-14 10:57:35 DEBUG | sunxiwang
2018-07-14 10:57:36 DEBUG | sunxiwang
2018-07-14 10:57:37 DEBUG | sunxiwang
2018-07-14 10:57:38 DEBUG | sunxiwang
2018-07-14 10:57:39 DEBUG | sunxiwang
2018-07-14 10:57:40 DEBUG | sunxiwang
2018-07-14 10:57:41 DEBUG | sunxiwang
2018-07-14 10:57:42 DEBUG | sunxiwang
2018-07-14 10:57:43 DEBUG | sunxiwang
2018-07-14 10:57:44 DEBUG | sunxiwang
2018-07-14 10:57:45 DEBUG | sunxiwang
2018-07-14 10:57:46 DEBUG | sunxiwang
2018-07-14 10:57:47 DEBUG | sunxiwang
2018-07-14 10:57:48 DEBUG | sunxiwang
2018-07-14 10:57:49 DEBUG | sunxiwang
2018-07-14 10:57:50 DEBUG | sunxiwang
2018-07-14 10:57:51 DEBUG | sunxiwang
2018-07-14 10:57:52 DEBUG | sunxiwang
2018-07-14 10:57:53 DEBUG | sunxiwang
2018-07-14 10:57:54 DEBUG | sunxiwang
2018-07-14 10:57:55 DEBUG | sunxiwang
2018-07-14 10:57:56 DEBUG | sunxiwang
2018-07-14 10:57:57 DEBUG | sunxiwang
2018-07-14 10:57:58 DEBUG | sunxiwang
2018-07-14 10:57:59 DEBUG | sunxiwang
2018-07-14 10:58:00 DEBUG | sunxiwang
2018-07-14 10:58:01 DEBUG | sunxiwang
2018-07-14 10:58:02 DEBUG | sunxiwang
2018-07-14 10:58:03 DEBUG | sunxiwang
2018-07-14 10:58:04 DEBUG | sunxiwang
2018-07-14 10:58:05 DEBUG | sunxiwang
2018-07-14 10:58:06 DEBUG | sunxiwang
2018-07-14 10:58:07 DEBUG | sunxiwang
2018-07-14 10:58:08 DEBUG | sunxiwang
2018-07-14 10:58:09 DEBUG | sunxiwang
2018-07-14 10:58:10 DEBUG | sunxiwang
2018-07-14 10:58:11 DEBUG | sunxiwang
2018-07-14 10:58:12 DEBUG | sunxiwang
2018-07-14 10:58:13 DEBUG | sunxiwang
2018-07-14 10:58:14 DEBUG | sunxiwang
2018-07-14 10:58:15 DEBUG | sunxiwang
2018-07-14 10:58:16 DEBUG | sunxiwang
2018-07-14 10:58:17 DEBUG | sunxiwang
2018-07-14 10:58:18 DEBUG | sunxiwang
2018-07-14 10:58:20 DEBUG | sunxiwang
2018-07-14 10:58:21 DEBUG | sunxiwang
2018-07-14 10:58:22 DEBUG | sunxiwang
2018-07-14 10:58:23 DEBUG | sunxiwang
2018-07-14 10:58:24 DEBUG | sunxiwang
2018-07-14 10:58:25 DEBUG | sunxiwang
2018-07-14 10:58:26 DEBUG | sunxiwang
2018-07-14 10:58:27 DEBUG | sunxiwang
2018-07-14 10:58:28 DEBUG | sunxiwang
2018-07-14 10:58:29 DEBUG | sunxiwang
2018-07-14 10:58:30 DEBUG | sunxiwang
2018-07-14 10:58:31 DEBUG | sunxiwang
2018-07-14 10:58:32 DEBUG | sunxiwang
2018-07-14 10:58:33 DEBUG | sunxiwang
2018-07-14 10:58:34 DEBUG | sunxiwang
2018-07-14 10:58:35 DEBUG | sunxiwang
2018-07-14 10:58:36 DEBUG | sunxiwang
2018-07-14 10:58:37 DEBUG | sunxiwang
2018-07-14 10:58:38 DEBUG | sunxiwang
2018-07-14 10:58:39 DEBUG | sunxiwang
2018-07-14 10:58:40 DEBUG | sunxiwang
2018-07-14 10:58:41 DEBUG | sunxiwang
2018-07-14 10:58:42 DEBUG | sunxiwang
2018-07-14 10:58:43 DEBUG | sunxiwang
2018-07-14 10:58:44 DEBUG | sunxiwang
2018-07-14 10:58:45 DEBUG | sunxiwang
2018-07-14 10:58:46 DEBUG | sunxiwang
2018-07-14 10:58:47 DEBUG | sunxiwang
2018-07-14 10:58:48 DEBUG | sunxiwang
2018-07-14 10:58:49 DEBUG | sunxiwang
2018-07-14 10:58:50 DEBUG | sunxiwang
2018-07-14 10:58:51 DEBUG | sunxiwang
2018-07-14 10:58:52 DEBUG | sunxiwang
2018-07-14 10:58:53 DEBUG | sunxiwang
2018-07-14 10:58:54 DEBUG | sunxiwang
2018-07-14 10:58:55 DEBUG | sunxiwang
2018-07-14 10:58:56 DEBUG | sunxiwang
2018-07-14 10:58:57 DEBUG | sunxiwang
2018-07-14 10:58:58 DEBUG | sunxiwang
2018-07-14 10:58:59 DEBUG | sunxiwang
2018-07-14 10:59:00 DEBUG | sunxiwang
2018-07-14 10:59:01 DEBUG | sunxiwang
2018-07-14 10:59:02 DEBUG | sunxiwang
2018-07-14 10:59:03 DEBUG | sunxiwang
2018-07-14 10:59:04 DEBUG | sunxiwang
2018-07-14 10:59:05 DEBUG | sunxiwang
2018-07-14 10:59:06 DEBUG | sunxiwang
2018-07-14 10:59:07 DEBUG | sunxiwang
2018-07-14 10:59:08 DEBUG | sunxiwang
2018-07-14 10:59:09 DEBUG | sunxiwang
2018-07-14 10:59:10 DEBUG | sunxiwang
2018-07-14 10:59:11 DEBUG | sunxiwang
2018-07-14 10:59:12 DEBUG | sunxiwang
2018-07-14 10:59:13 DEBUG | sunxiwang
2018-07-14 10:59:14 DEBUG | sunxiwang
2018-07-14 10:59:15 DEBUG | sunxiwang
2018-07-14 10:59:16 DEBUG | sunxiwang
2018-07-14 10:59:17 DEBUG | sunxiwang
2018-07-14 10:59:18 DEBUG | sunxiwang
2018-07-14 10:59:19 DEBUG | sunxiwang
2018-07-14 10:59:20 DEBUG | sunxiwang
2018-07-14 10:59:21 DEBUG | sunxiwang
2018-07-14 10:59:22 DEBUG | sunxiwang
2018-07-14 10:59:23 DEBUG | sunxiwang
2018-07-14 10:59:24 DEBUG | sunxiwang
2018-07-14 10:59:25 DEBUG | sunxiwang
2018-07-14 10:59:26 DEBUG | sunxiwang
2018-07-14 10:59:27 DEBUG | sunxiwang
2018-07-14 10:59:28 DEBUG | sunxiwang
2018-07-14 10:59:29 DEBUG | sunxiwang
2018-07-14 10:59:30 DEBUG | sunxiwang
2018-07-14 10:59:31 DEBUG | sunxiwang
2018-07-14 10:59:32 DEBUG | sunxiwang
2018-07-14 10:59:33 DEBUG | sunxiwang
2018-07-14 10:59:34 DEBUG | sunxiwang
2018-07-14 10:59:35 DEBUG | sunxiwang
2018-07-14 10:59:36 DEBUG | sunxiwang
2018-07-14 10:59:37 DEBUG | sunxiwang
2018-07-14 10:59:38 DEBUG | sunxiwang
2018-07-14 10:59:39 DEBUG | sunxiwang
2018-07-14 10:59:40 DEBUG | sunxiwang
2018-07-14 10:59:41 DEBUG | sunxiwang
2018-07-14 10:59:42 DEBUG | sunxiwang
2018-07-14 10:59:43 DEBUG | sunxiwang
2018-07-14 10:59:44 DEBUG | sunxiwang
2018-07-14 10:59:45 DEBUG | sunxiwang
2018-07-14 10:59:46 DEBUG | sunxiwang
2018-07-14 10:59:47 DEBUG | sunxiwang
2018-07-14 10:59:48 DEBUG | sunxiwang
2018-07-14 10:59:49 DEBUG | sunxiwang
2018-07-14 10:59:50 DEBUG | sunxiwang
2018-07-14 10:59:51 DEBUG | sunxiwang
2018-07-14 10:59:52 DEBUG | sunxiwang
2018-07-14 10:59:53 DEBUG | sunxiwang
2018-07-14 10:59:54 DEBUG | sunxiwang
2018-07-14 10:59:55 DEBUG | sunxiwang
2018-07-14 10:59:56 DEBUG | sunxiwang
2018-07-14 10:59:57 DEBUG | sunxiwang
2018-07-14 10:59:58 DEBUG | sunxiwang
2018-07-14 10:59:59 DEBUG | sunxiwang
2018-07-14 11:00:00 DEBUG | sunxiwang
2018-07-14 11:00:01 DEBUG | sunxiwang
2018-07-14 11:00:02 DEBUG | sunxiwang
2018-07-14 11:00:03 DEBUG | sunxiwang
2018-07-14 11:00:04 DEBUG | sunxiwang
2018-07-14 11:00:05 DEBUG | sunxiwang
2018-07-14 11:00:06 DEBUG | sunxiwang
2018-07-14 11:00:07 DEBUG | sunxiwang
2018-07-14 11:00:08 DEBUG | sunxiwang
2018-07-14 11:00:09 DEBUG | sunxiwang
2018-07-14 11:00:10 DEBUG | sunxiwang
2018-07-14 11:00:11 DEBUG | sunxiwang
2018-07-14 11:00:12 DEBUG | sunxiwang
2018-07-14 11:00:13 DEBUG | sunxiwang
2018-07-14 11:00:14 DEBUG | sunxiwang
2018-07-14 11:00:15 DEBUG | sunxiwang
2018-07-14 11:00:16 DEBUG | sunxiwang
2018-07-14 11:00:17 DEBUG | sunxiwang
2018-07-14 11:00:18 DEBUG | sunxiwang
2018-07-14 11:00:19 DEBUG | sunxiwang
2018-07-14 11:00:20 DEBUG | sunxiwang
2018-07-14 11:00:21 DEBUG | sunxiwang
2018-07-14 11:00:22 DEBUG | sunxiwang
2018-07-14 11:00:23 DEBUG | sunxiwang
2018-07-14 11:00:24 DEBUG | sunxiwang
2018-07-14 11:00:25 DEBUG | sunxiwang
2018-07-14 11:00:26 DEBUG | sunxiwang
2018-07-14 11:00:27 DEBUG | sunxiwang
2018-07-14 11:00:28 DEBUG | sunxiwang
2018-07-14 11:00:29 DEBUG | sunxiwang
2018-07-14 11:00:30 DEBUG | sunxiwang
2018-07-14 11:00:31 DEBUG | sunxiwang
2018-07-14 11:00:32 DEBUG | sunxiwang
2018-07-14 11:00:33 DEBUG | sunxiwang
2018-07-14 11:00:34 DEBUG | sunxiwang
2018-07-14 11:00:35 DEBUG | sunxiwang
2018-07-14 11:00:36 DEBUG | sunxiwang
2018-07-14 11:00:37 DEBUG | sunxiwang
2018-07-14 11:00:38 DEBUG | sunxiwang
2018-07-14 11:00:39 DEBUG | sunxiwang
2018-07-14 11:00:40 DEBUG | sunxiwang
2018-07-14 11:00:41 DEBUG | sunxiwang
2018-07-14 11:00:42 DEBUG | sunxiwang
2018-07-14 11:00:43 DEBUG | sunxiwang
2018-07-14 11:00:44 DEBUG | sunxiwang
2018-07-14 11:00:45 DEBUG | sunxiwang
2018-07-14 11:00:46 DEBUG | sunxiwang
2018-07-14 11:00:47 DEBUG | sunxiwang
2018-07-14 11:00:48 DEBUG | sunxiwang
2018-07-14 11:00:49 DEBUG | sunxiwang
2018-07-14 11:00:50 DEBUG | sunxiwang
2018-07-14 11:00:51 DEBUG | sunxiwang
2018-07-14 11:00:52 DEBUG | sunxiwang
2018-07-14 11:00:53 DEBUG | sunxiwang
2018-07-14 11:00:54 DEBUG | sunxiwang
2018-07-14 11:00:55 DEBUG | sunxiwang
2018-07-14 11:00:56 DEBUG | sunxiwang
2018-07-14 11:00:57 DEBUG | sunxiwang
2018-07-14 11:00:58 DEBUG | sunxiwang
2018-07-14 11:00:59 DEBUG | sunxiwang
2018-07-14 11:01:00 DEBUG | sunxiwang
2018-07-14 11:01:01 DEBUG | sunxiwang
2018-07-14 11:01:02 DEBUG | sunxiwang
2018-07-14 11:01:03 DEBUG | sunxiwang
2018-07-14 11:01:04 DEBUG | sunxiwang
2018-07-14 11:01:05 DEBUG | sunxiwang
2018-07-14 11:01:06 DEBUG | sunxiwang
2018-07-14 11:01:07 DEBUG | sunxiwang
2018-07-14 11:01:08 DEBUG | sunxiwang
2018-07-14 11:01:09 DEBUG | sunxiwang
2018-07-14 11:01:10 DEBUG | sunxiwang
2018-07-14 11:01:11 DEBUG | sunxiwang
2018-07-14 11:01:12 DEBUG | sunxiwang
2018-07-14 11:01:13 DEBUG | sunxiwang
2018-07-14 11:01:14 DEBUG | sunxiwang
2018-07-14 11:01:15 DEBUG | sunxiwang
2018-07-14 11:01:16 DEBUG | sunxiwang
2018-07-14 11:01:17 DEBUG | sunxiwang
2018-07-14 11:01:18 DEBUG | sunxiwang
2018-07-14 11:01:19 DEBUG | sunxiwang
2018-07-14 11:01:20 DEBUG | sunxiwang
2018-07-14 11:01:21 DEBUG | sunxiwang
2018-07-14 11:01:22 DEBUG | sunxiwang
2018-07-14 11:01:23 DEBUG | sunxiwang
2018-07-14 11:01:24 DEBUG | sunxiwang
2018-07-14 11:01:25 DEBUG | sunxiwang
2018-07-14 11:01:26 DEBUG | sunxiwang
2018-07-14 11:01:27 DEBUG | sunxiwang
2018-07-14 11:01:28 DEBUG | sunxiwang
2018-07-14 11:01:29 DEBUG | sunxiwang
2018-07-14 11:01:30 DEBUG | sunxiwang
2018-07-14 11:01:31 DEBUG | sunxiwang
2018-07-14 11:01:32 DEBUG | sunxiwang
2018-07-14 11:01:33 DEBUG | sunxiwang
2018-07-14 11:01:34 DEBUG | sunxiwang
2018-07-14 11:01:35 DEBUG | sunxiwang
2018-07-14 11:01:36 DEBUG | sunxiwang
2018-07-14 11:01:37 DEBUG | sunxiwang
2018-07-14 11:01:38 DEBUG | sunxiwang
2018-07-14 11:01:39 DEBUG | sunxiwang
2018-07-14 11:01:40 DEBUG | sunxiwang
2018-07-14 11:01:41 DEBUG | sunxiwang
2018-07-14 11:01:42 DEBUG | sunxiwang
2018-07-14 11:01:43 DEBUG | sunxiwang
2018-07-14 11:01:44 DEBUG | sunxiwang
2018-07-14 11:01:45 DEBUG | sunxiwang
2018-07-14 11:01:46 DEBUG | sunxiwang
2018-07-14 11:01:47 DEBUG | sunxiwang
2018-07-14 11:01:48 DEBUG | sunxiwang
2018-07-14 11:01:49 DEBUG | sunxiwang
2018-07-14 11:01:50 DEBUG | sunxiwang
2018-07-14 11:01:51 DEBUG | sunxiwang
2018-07-14 11:01:52 DEBUG | sunxiwang
2018-07-14 11:01:53 DEBUG | sunxiwang
2018-07-14 11:01:54 DEBUG | sunxiwang
2018-07-14 11:01:55 DEBUG | sunxiwang
2018-07-14 11:01:56 DEBUG | sunxiwang
2018-07-14 11:01:57 DEBUG | sunxiwang
2018-07-14 11:01:58 DEBUG | sunxiwang
2018-07-14 11:01:59 DEBUG | sunxiwang
2018-07-14 11:02:00 DEBUG | sunxiwang
2018-07-14 11:02:01 DEBUG | sunxiwang
2018-07-14 11:02:02 DEBUG | sunxiwang
2018-07-14 11:02:03 DEBUG | sunxiwang
2018-07-14 11:02:04 DEBUG | sunxiwang
2018-07-14 11:02:05 DEBUG | sunxiwang
2018-07-14 11:02:06 DEBUG | sunxiwang
2018-07-14 11:02:07 DEBUG | sunxiwang
2018-07-14 11:02:08 DEBUG | sunxiwang
2018-07-14 11:02:09 DEBUG | sunxiwang
2018-07-14 11:02:10 DEBUG | sunxiwang
2018-07-14 11:02:11 DEBUG | sunxiwang
2018-07-14 11:02:12 DEBUG | sunxiwang
2018-07-14 11:02:13 DEBUG | sunxiwang
2018-07-14 11:02:14 DEBUG | sunxiwang
2018-07-14 11:02:15 DEBUG | sunxiwang
2018-07-14 11:02:16 DEBUG | sunxiwang
2018-07-14 11:02:17 DEBUG | sunxiwang
2018-07-14 11:02:18 DEBUG | sunxiwang
2018-07-14 11:02:19 DEBUG | sunxiwang
2018-07-14 11:02:20 DEBUG | sunxiwang
2018-07-14 11:02:21 DEBUG | sunxiwang
2018-07-14 11:02:22 DEBUG | sunxiwang
2018-07-14 11:02:23 DEBUG | sunxiwang
2018-07-14 11:02:24 DEBUG | sunxiwang
2018-07-14 11:02:25 DEBUG | sunxiwang
2018-07-14 11:02:26 DEBUG | sunxiwang
2018-07-14 11:02:27 DEBUG | sunxiwang
2018-07-14 11:02:28 DEBUG | sunxiwang
2018-07-14 11:02:29 DEBUG | sunxiwang
2018-07-14 11:02:30 DEBUG | sunxiwang
2018-07-14 11:02:31 DEBUG | sunxiwang
2018-07-14 11:02:32 DEBUG | sunxiwang
2018-07-14 11:02:33 DEBUG | sunxiwang
2018-07-14 11:02:34 DEBUG | sunxiwang
2018-07-14 11:02:35 DEBUG | sunxiwang
2018-07-14 11:02:36 DEBUG | sunxiwang
2018-07-14 11:02:37 DEBUG | sunxiwang
2018-07-14 11:02:38 DEBUG | sunxiwang
2018-07-14 11:02:39 DEBUG | sunxiwang
2018-07-14 11:02:40 DEBUG | sunxiwang
2018-07-14 11:02:41 DEBUG | sunxiwang
2018-07-14 11:02:42 DEBUG | sunxiwang
2018-07-14 11:02:43 DEBUG | sunxiwang
2018-07-14 11:02:44 DEBUG | sunxiwang
2018-07-14 11:02:45 DEBUG | sunxiwang
2018-07-14 11:02:46 DEBUG | sunxiwang
2018-07-14 11:02:47 DEBUG | sunxiwang
2018-07-14 11:02:48 DEBUG | sunxiwang
2018-07-14 11:02:49 DEBUG | sunxiwang
2018-07-14 11:02:50 DEBUG | sunxiwang
2018-07-14 11:02:51 DEBUG | sunxiwang
2018-07-14 11:02:52 DEBUG | sunxiwang
2018-07-14 11:02:53 DEBUG | sunxiwang
2018-07-14 11:02:54 DEBUG | sunxiwang
2018-07-14 11:02:55 DEBUG | sunxiwang
2018-07-14 11:02:56 DEBUG | sunxiwang
2018-07-14 11:02:57 DEBUG | sunxiwang
2018-07-14 11:02:58 DEBUG | sunxiwang
2018-07-14 11:02:59 DEBUG | sunxiwang
2018-07-14 11:03:00 DEBUG | sunxiwang
2018-07-14 11:03:01 DEBUG | sunxiwang
2018-07-14 11:03:02 DEBUG | sunxiwang
2018-07-14 11:03:03 DEBUG | sunxiwang
2018-07-14 11:03:04 DEBUG | sunxiwang
2018-07-14 11:03:05 DEBUG | sunxiwang
2018-07-14 11:03:06 DEBUG | sunxiwang
2018-07-14 11:03:07 DEBUG | sunxiwang
2018-07-14 11:03:08 DEBUG | sunxiwang
2018-07-14 11:03:09 DEBUG | sunxiwang
2018-07-14 11:03:10 DEBUG | sunxiwang
2018-07-14 11:03:11 DEBUG | sunxiwang
2018-07-14 11:03:12 DEBUG | sunxiwang
2018-07-14 11:03:13 DEBUG | sunxiwang
2018-07-14 11:03:14 DEBUG | sunxiwang
2018-07-14 11:03:15 DEBUG | sunxiwang
2018-07-14 11:03:16 DEBUG | sunxiwang
2018-07-14 11:03:17 DEBUG | sunxiwang
2018-07-14 11:03:18 DEBUG | sunxiwang
2018-07-14 11:03:19 DEBUG | sunxiwang
2018-07-14 11:03:20 DEBUG | sunxiwang
2018-07-14 11:03:21 DEBUG | sunxiwang
2018-07-14 11:03:21 DEBUG | INTO signal_thread_run
2018-07-14 11:03:21 DEBUG | 创建新文件！
2018-07-14 11:03:21 DEBUG | sunxiwang
2018-07-14 11:03:21 DEBUG | 创建新文件！
2018-07-14 11:03:21 DEBUG | 创建新文件！
2018-07-14 11:03:21 DEBUG | 创建新文件！
2018-07-14 11:03:21 DEBUG | 创建新文件！
2018-07-14 11:03:21 DEBUG | 创建新文件！
2018-07-14 11:03:22 DEBUG | sunxiwang
2018-07-14 11:03:22 DEBUG | sunxiwang
2018-07-14 11:03:23 DEBUG | sunxiwang
2018-07-14 11:03:23 DEBUG | sunxiwang
2018-07-14 11:03:24 DEBUG | sunxiwang
2018-07-14 11:03:24 DEBUG | sunxiwang
2018-07-14 11:03:25 DEBUG | sunxiwang
2018-07-14 11:03:25 DEBUG | sunxiwang
2018-07-14 11:03:26 DEBUG | sunxiwang
2018-07-14 11:03:26 DEBUG | sunxiwang
2018-07-14 11:03:27 DEBUG | sunxiwang
2018-07-14 11:03:27 DEBUG | sunxiwang
2018-07-14 11:03:28 DEBUG | sunxiwang
2018-07-14 11:03:28 DEBUG | sunxiwang
2018-07-14 11:03:29 DEBUG | sunxiwang
2018-07-14 11:03:29 DEBUG | sunxiwang
2018-07-14 11:03:30 DEBUG | sunxiwang
2018-07-14 11:03:30 DEBUG | sunxiwang
2018-07-14 11:03:31 DEBUG | sunxiwang
2018-07-14 11:03:31 DEBUG | sunxiwang
2018-07-14 11:03:32 DEBUG | sunxiwang
2018-07-14 11:03:32 DEBUG | sunxiwang
2018-07-14 11:03:33 DEBUG | sunxiwang
2018-07-14 11:03:33 DEBUG | sunxiwang
2018-07-14 11:03:34 DEBUG | sunxiwang
2018-07-14 11:03:34 DEBUG | sunxiwang
2018-07-14 11:03:35 DEBUG | sunxiwang
2018-07-14 11:03:35 DEBUG | sunxiwang
2018-07-14 11:03:36 DEBUG | sunxiwang
2018-07-14 11:03:36 DEBUG | sunxiwang
2018-07-14 11:03:37 DEBUG | sunxiwang
2018-07-14 11:03:37 DEBUG | sunxiwang
2018-07-14 11:03:38 DEBUG | sunxiwang
2018-07-14 11:03:38 DEBUG | sunxiwang
2018-07-14 11:03:39 DEBUG | sunxiwang
2018-07-14 11:03:39 DEBUG | sunxiwang
2018-07-14 11:03:40 DEBUG | sunxiwang
2018-07-14 11:03:40 DEBUG | sunxiwang
2018-07-14 11:03:41 DEBUG | sunxiwang
2018-07-14 11:03:41 DEBUG | sunxiwang
2018-07-14 11:03:42 DEBUG | sunxiwang
2018-07-14 11:03:42 DEBUG | sunxiwang
2018-07-14 11:03:43 DEBUG | sunxiwang
2018-07-14 11:03:43 DEBUG | sunxiwang
2018-07-14 11:03:44 DEBUG | sunxiwang
2018-07-14 11:03:44 DEBUG | sunxiwang
2018-07-14 11:03:45 DEBUG | sunxiwang
2018-07-14 11:03:45 DEBUG | sunxiwang
2018-07-14 11:03:46 DEBUG | sunxiwang
2018-07-14 11:03:46 DEBUG | sunxiwang
2018-07-14 11:03:47 DEBUG | sunxiwang
2018-07-14 11:03:48 DEBUG | sunxiwang
2018-07-14 11:03:49 DEBUG | sunxiwang
2018-07-14 11:03:50 DEBUG | sunxiwang
2018-07-14 11:03:51 DEBUG | sunxiwang
2018-07-14 11:03:52 DEBUG | sunxiwang
2018-07-14 11:03:53 DEBUG | sunxiwang
2018-07-14 11:03:54 DEBUG | sunxiwang
2018-07-14 11:03:55 DEBUG | sunxiwang
2018-07-14 11:03:56 DEBUG | sunxiwang
2018-07-14 11:03:57 DEBUG | sunxiwang
2018-07-14 11:03:58 DEBUG | sunxiwang
2018-07-14 11:03:59 DEBUG | sunxiwang
2018-07-14 11:04:00 DEBUG | sunxiwang
2018-07-14 11:04:01 DEBUG | sunxiwang
2018-07-14 11:04:02 DEBUG | sunxiwang
2018-07-14 11:04:03 DEBUG | sunxiwang
2018-07-14 11:04:04 DEBUG | sunxiwang
2018-07-14 11:04:05 DEBUG | sunxiwang
2018-07-14 11:04:06 DEBUG | sunxiwang
2018-07-14 11:04:07 DEBUG | sunxiwang
2018-07-14 11:04:08 DEBUG | sunxiwang
2018-07-14 11:04:09 DEBUG | sunxiwang
2018-07-15 18:18:59 DEBUG | INTO signal_thread_run
2018-07-15 18:18:59 DEBUG | sunxiwang
2018-07-15 18:19:00 DEBUG | sunxiwang
2018-07-15 18:19:01 DEBUG | sunxiwang
2018-07-15 18:19:02 DEBUG | sunxiwang
2018-07-15 18:19:03 DEBUG | sunxiwang
2018-07-15 18:19:04 DEBUG | sunxiwang
2018-07-15 18:19:05 DEBUG | sunxiwang
2018-07-15 18:19:06 DEBUG | sunxiwang
2018-07-15 18:19:07 DEBUG | sunxiwang
2018-07-15 18:19:08 DEBUG | sunxiwang
2018-07-15 18:19:09 DEBUG | sunxiwang
2018-07-15 18:19:10 DEBUG | sunxiwang
2018-07-15 18:19:11 DEBUG | sunxiwang
2018-07-15 18:19:12 DEBUG | sunxiwang
2018-07-15 18:19:13 DEBUG | sunxiwang
2018-07-15 18:19:14 DEBUG | sunxiwang
2018-07-15 18:19:15 DEBUG | sunxiwang
2018-07-15 18:19:16 DEBUG | sunxiwang
2018-07-15 18:19:17 DEBUG | sunxiwang
2018-07-15 18:19:18 DEBUG | sunxiwang
2018-07-15 18:19:19 DEBUG | sunxiwang
2018-07-15 18:19:20 DEBUG | sunxiwang
2018-07-15 18:19:21 DEBUG | sunxiwang
2018-07-15 18:19:22 DEBUG | sunxiwang
2018-07-15 18:19:23 DEBUG | sunxiwang
2018-07-15 18:19:24 DEBUG | sunxiwang
2018-07-15 18:19:25 DEBUG | sunxiwang
2018-07-15 18:19:26 DEBUG | sunxiwang
2018-07-15 18:19:27 DEBUG | sunxiwang
2018-07-15 18:19:28 DEBUG | sunxiwang
2018-07-15 18:19:29 DEBUG | sunxiwang
2018-07-15 18:19:30 DEBUG | sunxiwang
2018-07-15 18:19:31 DEBUG | sunxiwang
2018-07-15 18:19:32 DEBUG | sunxiwang
2018-07-15 18:19:33 DEBUG | sunxiwang
2018-07-15 18:19:34 DEBUG | sunxiwang
2018-07-15 18:19:35 DEBUG | sunxiwang
2018-07-15 18:19:36 DEBUG | sunxiwang
2018-07-15 18:19:37 DEBUG | sunxiwang
2018-07-15 18:19:38 DEBUG | sunxiwang
2018-07-15 18:19:39 DEBUG | sunxiwang
2018-07-15 18:19:40 DEBUG | sunxiwang
2018-07-15 18:19:41 DEBUG | sunxiwang
2018-07-15 18:19:42 DEBUG | sunxiwang
2018-07-15 18:19:43 DEBUG | sunxiwang
2018-07-15 18:19:44 DEBUG | sunxiwang
2018-07-15 18:19:45 DEBUG | sunxiwang
2018-07-15 18:19:46 DEBUG | sunxiwang
2018-07-15 18:19:47 DEBUG | sunxiwang
2018-07-15 18:19:48 DEBUG | sunxiwang
2018-07-15 18:19:49 DEBUG | sunxiwang
2018-07-15 19:36:08 DEBUG | INTO signal_thread_run
2018-07-15 19:36:08 DEBUG | sunxiwang
2018-07-15 19:36:08 DEBUG | pcap_open_live: eth0: You don't have permission to capture on that device (socket: Operation not permitted)
